<?xml version="1.0" encoding="UTF-8"?>
<!-- Generated by org.testng.reporters.JUnitReportReporter -->
<testsuite skipped="0" hostname="Chitrangs-MBP.home" name="runner.RunCukesByFeatureAndCompositionTest2" tests="2" failures="0" timestamp="04 Jul 2017 21:03:55 GMT" time="10.380" errors="0">
  <testcase name="feature" time="6.014" classname="runner.RunCukesByFeatureAndCompositionTest2"/>
  <testcase name="feature" time="4.366" classname="runner.RunCukesByFeatureAndCompositionTest2"/>
</testsuite> <!-- runner.RunCukesByFeatureAndCompositionTest2 -->
