<?xml version="1.0" encoding="UTF-8"?>
<!-- Generated by org.testng.reporters.JUnitReportReporter -->
<testsuite skipped="0" hostname="Chitrangs-MBP.home" name="runner.RunCukesByFeatureAndCompositionTest1" tests="2" failures="0" timestamp="04 Jul 2017 21:03:55 GMT" time="13.393" errors="0">
  <testcase name="feature" time="7.875" classname="runner.RunCukesByFeatureAndCompositionTest1"/>
  <testcase name="feature" time="5.518" classname="runner.RunCukesByFeatureAndCompositionTest1"/>
</testsuite> <!-- runner.RunCukesByFeatureAndCompositionTest1 -->
