<?xml version="1.0" encoding="UTF-8"?>
<!-- Generated by org.testng.reporters.JUnitReportReporter -->
<testsuite skipped="0" hostname="Chitrangs-MBP.home" name="runner.TestRunner" tests="1" failures="0" timestamp="29 Jun 2017 22:01:32 GMT" time="7.000" errors="0">
  <testcase name="feature" time="7.000" classname="runner.TestRunner"/>
</testsuite> <!-- runner.TestRunner -->
