<?xml version="1.0" encoding="UTF-8"?>
<!-- Generated by org.testng.reporters.JUnitReportReporter -->
<testsuite skipped="0" hostname="Chitrangs-MBP.home" name="runner.TestRunner" tests="2" failures="0" timestamp="29 Jun 2017 23:09:06 GMT" time="13.574" errors="0">
  <testcase name="feature" time="5.829" classname="runner.TestRunner"/>
  <testcase name="feature" time="7.745" classname="runner.TestRunner"/>
</testsuite> <!-- runner.TestRunner -->
