<?xml version="1.0" encoding="UTF-8"?>
<!-- Generated by org.testng.reporters.JUnitReportReporter -->
<testsuite skipped="0" hostname="Chitrangs-MBP.home" name="runner.RunCukesByFeatureAndCompositionTest2" tests="2" failures="0" timestamp="01 Jul 2017 12:02:18 GMT" time="8.668" errors="0">
  <testcase name="feature" time="4.415" classname="runner.RunCukesByFeatureAndCompositionTest2"/>
  <testcase name="feature" time="4.253" classname="runner.RunCukesByFeatureAndCompositionTest2"/>
</testsuite> <!-- runner.RunCukesByFeatureAndCompositionTest2 -->
