<?xml version="1.0" encoding="UTF-8"?>
<!-- Generated by org.testng.reporters.JUnitReportReporter -->
<testsuite skipped="0" hostname="Chitrangs-MBP.home" name="runner.RunCukesByFeatureAndCompositionTest1" tests="2" failures="0" timestamp="01 Jul 2017 12:02:18 GMT" time="10.189" errors="0">
  <testcase name="feature" time="5.650" classname="runner.RunCukesByFeatureAndCompositionTest1"/>
  <testcase name="feature" time="4.539" classname="runner.RunCukesByFeatureAndCompositionTest1"/>
</testsuite> <!-- runner.RunCukesByFeatureAndCompositionTest1 -->
